AH00558: apache2: Could not reliably determine the server's fully qualified domain name, using 172.29.0.2. Set the 'ServerName' directive globally to suppress this message
[Mon Nov 07 13:01:03.870236 2022] [mpm_prefork:notice] [pid 1] AH00163: Apache/2.4.54 (Debian) PHP/8.1.12 configured -- resuming normal operations
[Mon Nov 07 13:01:03.870394 2022] [core:notice] [pid 1] AH00094: Command line: 'apache2 -D FOREGROUND'
AH00558: apache2: Could not reliably determine the server's fully qualified domain name, using 172.29.0.3. Set the 'ServerName' directive globally to suppress this message
[Tue Nov 08 06:54:13.551709 2022] [mpm_prefork:notice] [pid 1] AH00163: Apache/2.4.54 (Debian) PHP/8.1.12 configured -- resuming normal operations
[Tue Nov 08 06:54:13.551866 2022] [core:notice] [pid 1] AH00094: Command line: 'apache2 -D FOREGROUND'
AH00558: apache2: Could not reliably determine the server's fully qualified domain name, using 172.29.0.3. Set the 'ServerName' directive globally to suppress this message
[Tue Nov 08 17:35:31.409132 2022] [mpm_prefork:notice] [pid 1] AH00163: Apache/2.4.54 (Debian) PHP/8.1.12 configured -- resuming normal operations
[Tue Nov 08 17:35:31.409310 2022] [core:notice] [pid 1] AH00094: Command line: 'apache2 -D FOREGROUND'
[Wed Nov 09 07:10:33.117499 2022] [mpm_prefork:notice] [pid 1] AH00170: caught SIGWINCH, shutting down gracefully
AH00558: apache2: Could not reliably determine the server's fully qualified domain name, using 172.19.0.4. Set the 'ServerName' directive globally to suppress this message
[Wed Nov 09 09:10:26.412543 2022] [mpm_prefork:notice] [pid 1] AH00163: Apache/2.4.54 (Debian) PHP/8.1.12 configured -- resuming normal operations
[Wed Nov 09 09:10:26.412749 2022] [core:notice] [pid 1] AH00094: Command line: 'apache2 -D FOREGROUND'
[Wed Nov 09 13:01:27.225536 2022] [mpm_prefork:notice] [pid 1] AH00170: caught SIGWINCH, shutting down gracefully
AH00558: apache2: Could not reliably determine the server's fully qualified domain name, using 172.20.0.4. Set the 'ServerName' directive globally to suppress this message
[Wed Nov 16 06:59:41.845709 2022] [mpm_prefork:notice] [pid 1] AH00163: Apache/2.4.54 (Debian) PHP/8.1.12 configured -- resuming normal operations
[Wed Nov 16 06:59:41.845883 2022] [core:notice] [pid 1] AH00094: Command line: 'apache2 -D FOREGROUND'
[Wed Nov 16 07:11:51.261593 2022] [mpm_prefork:notice] [pid 1] AH00170: caught SIGWINCH, shutting down gracefully
AH00558: apache2: Could not reliably determine the server's fully qualified domain name, using 172.20.0.4. Set the 'ServerName' directive globally to suppress this message
[Wed Nov 16 07:13:52.560442 2022] [mpm_prefork:notice] [pid 1] AH00163: Apache/2.4.54 (Debian) PHP/8.1.12 configured -- resuming normal operations
[Wed Nov 16 07:13:52.562951 2022] [core:notice] [pid 1] AH00094: Command line: 'apache2 -D FOREGROUND'
[Wed Nov 16 07:14:21.066955 2022] [mpm_prefork:notice] [pid 1] AH00170: caught SIGWINCH, shutting down gracefully
AH00558: apache2: Could not reliably determine the server's fully qualified domain name, using 172.20.0.3. Set the 'ServerName' directive globally to suppress this message
[Wed Nov 16 07:51:13.217497 2022] [mpm_prefork:notice] [pid 1] AH00163: Apache/2.4.54 (Debian) PHP/8.1.12 configured -- resuming normal operations
[Wed Nov 16 07:51:13.217751 2022] [core:notice] [pid 1] AH00094: Command line: 'apache2 -D FOREGROUND'
[Wed Nov 16 09:58:51.924197 2022] [mpm_prefork:notice] [pid 1] AH00170: caught SIGWINCH, shutting down gracefully
AH00558: apache2: Could not reliably determine the server's fully qualified domain name, using 172.20.0.4. Set the 'ServerName' directive globally to suppress this message
[Wed Nov 16 11:58:02.038301 2022] [mpm_prefork:notice] [pid 1] AH00163: Apache/2.4.54 (Debian) PHP/8.1.12 configured -- resuming normal operations
[Wed Nov 16 11:58:02.038881 2022] [core:notice] [pid 1] AH00094: Command line: 'apache2 -D FOREGROUND'
[Wed Nov 16 13:28:15.038921 2022] [mpm_prefork:notice] [pid 1] AH00170: caught SIGWINCH, shutting down gracefully
AH00558: apache2: Could not reliably determine the server's fully qualified domain name, using 172.20.0.4. Set the 'ServerName' directive globally to suppress this message
[Thu Nov 17 06:57:25.344951 2022] [mpm_prefork:notice] [pid 1] AH00163: Apache/2.4.54 (Debian) PHP/8.1.12 configured -- resuming normal operations
[Thu Nov 17 06:57:25.345271 2022] [core:notice] [pid 1] AH00094: Command line: 'apache2 -D FOREGROUND'
[Thu Nov 17 14:27:28.425561 2022] [mpm_prefork:notice] [pid 1] AH00170: caught SIGWINCH, shutting down gracefully
AH00558: apache2: Could not reliably determine the server's fully qualified domain name, using 172.20.0.4. Set the 'ServerName' directive globally to suppress this message
[Fri Nov 18 09:29:55.551529 2022] [mpm_prefork:notice] [pid 1] AH00163: Apache/2.4.54 (Debian) PHP/8.1.12 configured -- resuming normal operations
[Fri Nov 18 09:29:55.551677 2022] [core:notice] [pid 1] AH00094: Command line: 'apache2 -D FOREGROUND'
[Fri Nov 18 10:57:59.306114 2022] [mpm_prefork:notice] [pid 1] AH00169: caught SIGTERM, shutting down
AH00558: apache2: Could not reliably determine the server's fully qualified domain name, using 172.20.0.2. Set the 'ServerName' directive globally to suppress this message
[Sat Nov 19 06:43:41.563604 2022] [mpm_prefork:notice] [pid 1] AH00163: Apache/2.4.54 (Debian) PHP/8.1.12 configured -- resuming normal operations
[Sat Nov 19 06:43:41.563785 2022] [core:notice] [pid 1] AH00094: Command line: 'apache2 -D FOREGROUND'
[Sat Nov 19 08:52:54.538950 2022] [mpm_prefork:notice] [pid 1] AH00170: caught SIGWINCH, shutting down gracefully
AH00558: apache2: Could not reliably determine the server's fully qualified domain name, using 172.20.0.4. Set the 'ServerName' directive globally to suppress this message
[Sun Nov 20 06:36:40.906927 2022] [mpm_prefork:notice] [pid 1] AH00163: Apache/2.4.54 (Debian) PHP/8.1.12 configured -- resuming normal operations
[Sun Nov 20 06:36:40.907123 2022] [core:notice] [pid 1] AH00094: Command line: 'apache2 -D FOREGROUND'
[Sun Nov 20 07:01:27.456191 2022] [mpm_prefork:notice] [pid 1] AH00170: caught SIGWINCH, shutting down gracefully
AH00558: apache2: Could not reliably determine the server's fully qualified domain name, using 172.20.0.4. Set the 'ServerName' directive globally to suppress this message
[Sun Nov 20 09:41:43.392744 2022] [mpm_prefork:notice] [pid 1] AH00163: Apache/2.4.54 (Debian) PHP/8.1.12 configured -- resuming normal operations
[Sun Nov 20 09:41:43.392991 2022] [core:notice] [pid 1] AH00094: Command line: 'apache2 -D FOREGROUND'
[Sun Nov 20 10:05:52.918378 2022] [mpm_prefork:notice] [pid 1] AH00170: caught SIGWINCH, shutting down gracefully
AH00558: apache2: Could not reliably determine the server's fully qualified domain name, using 172.20.0.4. Set the 'ServerName' directive globally to suppress this message
[Sun Nov 20 11:16:21.312553 2022] [mpm_prefork:notice] [pid 1] AH00163: Apache/2.4.54 (Debian) PHP/8.1.12 configured -- resuming normal operations
[Sun Nov 20 11:16:21.312688 2022] [core:notice] [pid 1] AH00094: Command line: 'apache2 -D FOREGROUND'
[Sun Nov 20 11:25:25.375250 2022] [mpm_prefork:notice] [pid 1] AH00170: caught SIGWINCH, shutting down gracefully
AH00558: apache2: Could not reliably determine the server's fully qualified domain name, using 172.19.0.3. Set the 'ServerName' directive globally to suppress this message
[Sun Nov 20 11:33:30.606272 2022] [mpm_prefork:notice] [pid 1] AH00163: Apache/2.4.54 (Debian) PHP/8.1.12 configured -- resuming normal operations
[Sun Nov 20 11:33:30.607013 2022] [core:notice] [pid 1] AH00094: Command line: 'apache2 -D FOREGROUND'
AH00558: apache2: Could not reliably determine the server's fully qualified domain name, using 172.19.0.2. Set the 'ServerName' directive globally to suppress this message
[Mon Nov 21 05:55:35.568268 2022] [mpm_prefork:notice] [pid 1] AH00163: Apache/2.4.54 (Debian) PHP/8.1.12 configured -- resuming normal operations
[Mon Nov 21 05:55:35.568472 2022] [core:notice] [pid 1] AH00094: Command line: 'apache2 -D FOREGROUND'
AH00558: apache2: Could not reliably determine the server's fully qualified domain name, using 172.19.0.2. Set the 'ServerName' directive globally to suppress this message
[Tue Nov 22 05:58:47.730032 2022] [mpm_prefork:notice] [pid 1] AH00163: Apache/2.4.54 (Debian) PHP/8.1.12 configured -- resuming normal operations
[Tue Nov 22 05:58:47.730188 2022] [core:notice] [pid 1] AH00094: Command line: 'apache2 -D FOREGROUND'
[Tue Nov 22 13:51:47.733352 2022] [mpm_prefork:notice] [pid 1] AH00169: caught SIGTERM, shutting down
AH00558: apache2: Could not reliably determine the server's fully qualified domain name, using 172.19.0.2. Set the 'ServerName' directive globally to suppress this message
[Wed Nov 23 06:22:32.927402 2022] [mpm_prefork:notice] [pid 1] AH00163: Apache/2.4.54 (Debian) PHP/8.1.12 configured -- resuming normal operations
[Wed Nov 23 06:22:32.927600 2022] [core:notice] [pid 1] AH00094: Command line: 'apache2 -D FOREGROUND'
AH00558: apache2: Could not reliably determine the server's fully qualified domain name, using 172.19.0.2. Set the 'ServerName' directive globally to suppress this message
[Thu Nov 24 06:19:47.667121 2022] [mpm_prefork:notice] [pid 1] AH00163: Apache/2.4.54 (Debian) PHP/8.1.12 configured -- resuming normal operations
[Thu Nov 24 06:19:47.668454 2022] [core:notice] [pid 1] AH00094: Command line: 'apache2 -D FOREGROUND'
AH00558: apache2: Could not reliably determine the server's fully qualified domain name, using 172.19.0.3. Set the 'ServerName' directive globally to suppress this message
[Sat Nov 26 07:36:16.918062 2022] [mpm_prefork:notice] [pid 1] AH00163: Apache/2.4.54 (Debian) PHP/8.1.12 configured -- resuming normal operations
[Sat Nov 26 07:36:16.922897 2022] [core:notice] [pid 1] AH00094: Command line: 'apache2 -D FOREGROUND'
AH00558: apache2: Could not reliably determine the server's fully qualified domain name, using 172.19.0.3. Set the 'ServerName' directive globally to suppress this message
[Sun Nov 27 06:23:14.760009 2022] [mpm_prefork:notice] [pid 1] AH00163: Apache/2.4.54 (Debian) PHP/8.1.12 configured -- resuming normal operations
[Sun Nov 27 06:23:14.760582 2022] [core:notice] [pid 1] AH00094: Command line: 'apache2 -D FOREGROUND'
[Sun Nov 27 13:22:47.115266 2022] [mpm_prefork:notice] [pid 1] AH00170: caught SIGWINCH, shutting down gracefully
AH00558: apache2: Could not reliably determine the server's fully qualified domain name, using 172.19.0.3. Set the 'ServerName' directive globally to suppress this message
[Mon Nov 28 10:04:56.510333 2022] [mpm_prefork:notice] [pid 1] AH00163: Apache/2.4.54 (Debian) PHP/8.1.12 configured -- resuming normal operations
[Mon Nov 28 10:04:56.510617 2022] [core:notice] [pid 1] AH00094: Command line: 'apache2 -D FOREGROUND'
AH00558: apache2: Could not reliably determine the server's fully qualified domain name, using 172.19.0.2. Set the 'ServerName' directive globally to suppress this message
[Tue Nov 29 06:28:52.855241 2022] [mpm_prefork:notice] [pid 1] AH00163: Apache/2.4.54 (Debian) PHP/8.1.12 configured -- resuming normal operations
[Tue Nov 29 06:28:52.855500 2022] [core:notice] [pid 1] AH00094: Command line: 'apache2 -D FOREGROUND'
AH00558: apache2: Could not reliably determine the server's fully qualified domain name, using 172.19.0.4. Set the 'ServerName' directive globally to suppress this message
[Wed Nov 30 06:46:11.612104 2022] [mpm_prefork:notice] [pid 1] AH00163: Apache/2.4.54 (Debian) PHP/8.1.12 configured -- resuming normal operations
[Wed Nov 30 06:46:11.612329 2022] [core:notice] [pid 1] AH00094: Command line: 'apache2 -D FOREGROUND'
AH00558: apache2: Could not reliably determine the server's fully qualified domain name, using 172.19.0.3. Set the 'ServerName' directive globally to suppress this message
[Fri Dec 02 10:55:45.224793 2022] [mpm_prefork:notice] [pid 1] AH00163: Apache/2.4.54 (Debian) PHP/8.1.12 configured -- resuming normal operations
[Fri Dec 02 10:55:45.230877 2022] [core:notice] [pid 1] AH00094: Command line: 'apache2 -D FOREGROUND'
[Fri Dec 02 14:10:58.842195 2022] [mpm_prefork:notice] [pid 1] AH00169: caught SIGTERM, shutting down
AH00558: apache2: Could not reliably determine the server's fully qualified domain name, using 172.19.0.2. Set the 'ServerName' directive globally to suppress this message
[Sat Dec 03 08:18:47.600821 2022] [mpm_prefork:notice] [pid 1] AH00163: Apache/2.4.54 (Debian) PHP/8.1.12 configured -- resuming normal operations
[Sat Dec 03 08:18:47.600971 2022] [core:notice] [pid 1] AH00094: Command line: 'apache2 -D FOREGROUND'
AH00558: apache2: Could not reliably determine the server's fully qualified domain name, using 172.19.0.3. Set the 'ServerName' directive globally to suppress this message
[Sun Dec 04 06:54:22.557803 2022] [mpm_prefork:notice] [pid 1] AH00163: Apache/2.4.54 (Debian) PHP/8.1.12 configured -- resuming normal operations
[Sun Dec 04 06:54:22.557916 2022] [core:notice] [pid 1] AH00094: Command line: 'apache2 -D FOREGROUND'
AH00558: apache2: Could not reliably determine the server's fully qualified domain name, using 172.19.0.2. Set the 'ServerName' directive globally to suppress this message
[Tue Dec 06 08:35:56.011976 2022] [mpm_prefork:notice] [pid 1] AH00163: Apache/2.4.54 (Debian) PHP/8.1.12 configured -- resuming normal operations
[Tue Dec 06 08:35:56.014266 2022] [core:notice] [pid 1] AH00094: Command line: 'apache2 -D FOREGROUND'
AH00558: apache2: Could not reliably determine the server's fully qualified domain name, using 172.19.0.4. Set the 'ServerName' directive globally to suppress this message
[Tue Dec 06 10:50:27.201705 2022] [mpm_prefork:notice] [pid 1] AH00163: Apache/2.4.54 (Debian) PHP/8.1.12 configured -- resuming normal operations
[Tue Dec 06 10:50:27.210262 2022] [core:notice] [pid 1] AH00094: Command line: 'apache2 -D FOREGROUND'
[Tue Dec 06 10:52:22.118095 2022] [mpm_prefork:notice] [pid 1] AH00170: caught SIGWINCH, shutting down gracefully
AH00558: apache2: Could not reliably determine the server's fully qualified domain name, using 172.19.0.4. Set the 'ServerName' directive globally to suppress this message
[Tue Dec 06 10:52:27.483533 2022] [mpm_prefork:notice] [pid 1] AH00163: Apache/2.4.54 (Debian) PHP/8.1.12 configured -- resuming normal operations
[Tue Dec 06 10:52:27.483733 2022] [core:notice] [pid 1] AH00094: Command line: 'apache2 -D FOREGROUND'
AH00558: apache2: Could not reliably determine the server's fully qualified domain name, using 172.19.0.2. Set the 'ServerName' directive globally to suppress this message
[Sat Dec 10 10:00:28.417526 2022] [mpm_prefork:notice] [pid 1] AH00163: Apache/2.4.54 (Debian) PHP/8.1.12 configured -- resuming normal operations
[Sat Dec 10 10:00:28.418094 2022] [core:notice] [pid 1] AH00094: Command line: 'apache2 -D FOREGROUND'
AH00558: apache2: Could not reliably determine the server's fully qualified domain name, using 172.19.0.3. Set the 'ServerName' directive globally to suppress this message
[Mon Dec 12 07:57:55.147852 2022] [mpm_prefork:notice] [pid 1] AH00163: Apache/2.4.54 (Debian) PHP/8.1.12 configured -- resuming normal operations
[Mon Dec 12 07:57:55.152480 2022] [core:notice] [pid 1] AH00094: Command line: 'apache2 -D FOREGROUND'
[Mon Dec 12 09:56:43.587405 2022] [mpm_prefork:notice] [pid 1] AH00169: caught SIGTERM, shutting down
AH00558: apache2: Could not reliably determine the server's fully qualified domain name, using 172.19.0.3. Set the 'ServerName' directive globally to suppress this message
[Tue Dec 13 16:08:50.237938 2022] [mpm_prefork:notice] [pid 1] AH00163: Apache/2.4.54 (Debian) PHP/8.1.12 configured -- resuming normal operations
[Tue Dec 13 16:08:50.245186 2022] [core:notice] [pid 1] AH00094: Command line: 'apache2 -D FOREGROUND'
AH00558: apache2: Could not reliably determine the server's fully qualified domain name, using 172.19.0.2. Set the 'ServerName' directive globally to suppress this message
[Thu Dec 15 12:00:11.676175 2022] [mpm_prefork:notice] [pid 1] AH00163: Apache/2.4.54 (Debian) PHP/8.1.12 configured -- resuming normal operations
[Thu Dec 15 12:00:11.676311 2022] [core:notice] [pid 1] AH00094: Command line: 'apache2 -D FOREGROUND'
[Fri Dec 16 06:39:57.332849 2022] [mpm_prefork:notice] [pid 1] AH00170: caught SIGWINCH, shutting down gracefully
AH00558: apache2: Could not reliably determine the server's fully qualified domain name, using 172.19.0.4. Set the 'ServerName' directive globally to suppress this message
[Sun Dec 18 06:37:34.389854 2022] [mpm_prefork:notice] [pid 1] AH00163: Apache/2.4.54 (Debian) PHP/8.1.12 configured -- resuming normal operations
[Sun Dec 18 06:37:34.392066 2022] [core:notice] [pid 1] AH00094: Command line: 'apache2 -D FOREGROUND'
AH00558: apache2: Could not reliably determine the server's fully qualified domain name, using 172.19.0.3. Set the 'ServerName' directive globally to suppress this message
[Sun Dec 18 09:52:05.218284 2022] [mpm_prefork:notice] [pid 1] AH00163: Apache/2.4.54 (Debian) PHP/8.1.12 configured -- resuming normal operations
[Sun Dec 18 09:52:05.220429 2022] [core:notice] [pid 1] AH00094: Command line: 'apache2 -D FOREGROUND'
AH00558: apache2: Could not reliably determine the server's fully qualified domain name, using 172.22.0.2. Set the 'ServerName' directive globally to suppress this message
[Mon Dec 19 07:53:07.407509 2022] [mpm_prefork:notice] [pid 1] AH00163: Apache/2.4.54 (Debian) PHP/8.1.13 configured -- resuming normal operations
[Mon Dec 19 07:53:07.407660 2022] [core:notice] [pid 1] AH00094: Command line: 'apache2 -D FOREGROUND'
[Mon Dec 19 07:53:49.159974 2022] [mpm_prefork:notice] [pid 1] AH00170: caught SIGWINCH, shutting down gracefully
AH00558: apache2: Could not reliably determine the server's fully qualified domain name, using 172.23.0.2. Set the 'ServerName' directive globally to suppress this message
[Mon Dec 19 07:54:07.214038 2022] [mpm_prefork:notice] [pid 1] AH00163: Apache/2.4.54 (Debian) PHP/8.1.13 configured -- resuming normal operations
[Mon Dec 19 07:54:07.214215 2022] [core:notice] [pid 1] AH00094: Command line: 'apache2 -D FOREGROUND'
[Mon Dec 19 07:54:36.694817 2022] [mpm_prefork:notice] [pid 1] AH00170: caught SIGWINCH, shutting down gracefully
AH00558: apache2: Could not reliably determine the server's fully qualified domain name, using 172.24.0.2. Set the 'ServerName' directive globally to suppress this message
[Mon Dec 19 08:08:29.295859 2022] [mpm_prefork:notice] [pid 1] AH00163: Apache/2.4.54 (Debian) PHP/8.1.13 configured -- resuming normal operations
[Mon Dec 19 08:08:29.296007 2022] [core:notice] [pid 1] AH00094: Command line: 'apache2 -D FOREGROUND'
AH00558: apache2: Could not reliably determine the server's fully qualified domain name, using 172.24.0.2. Set the 'ServerName' directive globally to suppress this message
[Mon Dec 19 09:44:10.819652 2022] [mpm_prefork:notice] [pid 1] AH00163: Apache/2.4.54 (Debian) PHP/8.1.13 configured -- resuming normal operations
[Mon Dec 19 09:44:10.819898 2022] [core:notice] [pid 1] AH00094: Command line: 'apache2 -D FOREGROUND'
[Mon Dec 19 09:50:25.399460 2022] [mpm_prefork:notice] [pid 1] AH00170: caught SIGWINCH, shutting down gracefully
AH00558: apache2: Could not reliably determine the server's fully qualified domain name, using 172.20.0.4. Set the 'ServerName' directive globally to suppress this message
[Mon Dec 19 09:51:14.472435 2022] [mpm_prefork:notice] [pid 1] AH00163: Apache/2.4.54 (Debian) PHP/8.1.13 configured -- resuming normal operations
[Mon Dec 19 09:51:14.473070 2022] [core:notice] [pid 1] AH00094: Command line: 'apache2 -D FOREGROUND'
[Mon Dec 19 11:37:48.886653 2022] [mpm_prefork:notice] [pid 1] AH00170: caught SIGWINCH, shutting down gracefully
AH00558: apache2: Could not reliably determine the server's fully qualified domain name, using 172.20.0.3. Set the 'ServerName' directive globally to suppress this message
[Mon Dec 19 11:39:02.189503 2022] [mpm_prefork:notice] [pid 1] AH00163: Apache/2.4.54 (Debian) PHP/8.1.13 configured -- resuming normal operations
[Mon Dec 19 11:39:02.190275 2022] [core:notice] [pid 1] AH00094: Command line: 'apache2 -D FOREGROUND'
[Mon Dec 19 11:42:32.376710 2022] [mpm_prefork:notice] [pid 1] AH00170: caught SIGWINCH, shutting down gracefully
AH00558: apache2: Could not reliably determine the server's fully qualified domain name, using 172.22.0.4. Set the 'ServerName' directive globally to suppress this message
[Mon Dec 19 11:42:45.316703 2022] [mpm_prefork:notice] [pid 1] AH00163: Apache/2.4.54 (Debian) PHP/8.1.13 configured -- resuming normal operations
[Mon Dec 19 11:42:45.320654 2022] [core:notice] [pid 1] AH00094: Command line: 'apache2 -D FOREGROUND'
AH00558: apache2: Could not reliably determine the server's fully qualified domain name, using 172.22.0.3. Set the 'ServerName' directive globally to suppress this message
[Tue Dec 20 07:01:54.876937 2022] [mpm_prefork:notice] [pid 1] AH00163: Apache/2.4.54 (Debian) PHP/8.1.13 configured -- resuming normal operations
[Tue Dec 20 07:01:54.878454 2022] [core:notice] [pid 1] AH00094: Command line: 'apache2 -D FOREGROUND'
[Tue Dec 20 07:19:32.460374 2022] [mpm_prefork:notice] [pid 1] AH00170: caught SIGWINCH, shutting down gracefully
AH00558: apache2: Could not reliably determine the server's fully qualified domain name, using 172.20.0.4. Set the 'ServerName' directive globally to suppress this message
[Tue Dec 20 07:25:55.458599 2022] [mpm_prefork:notice] [pid 1] AH00163: Apache/2.4.54 (Debian) PHP/8.1.13 configured -- resuming normal operations
[Tue Dec 20 07:25:55.458757 2022] [core:notice] [pid 1] AH00094: Command line: 'apache2 -D FOREGROUND'
[Tue Dec 20 07:36:18.090492 2022] [mpm_prefork:notice] [pid 1] AH00170: caught SIGWINCH, shutting down gracefully
AH00558: apache2: Could not reliably determine the server's fully qualified domain name, using 172.22.0.4. Set the 'ServerName' directive globally to suppress this message
[Tue Dec 20 07:36:27.981509 2022] [mpm_prefork:notice] [pid 1] AH00163: Apache/2.4.54 (Debian) PHP/8.1.13 configured -- resuming normal operations
[Tue Dec 20 07:36:27.982364 2022] [core:notice] [pid 1] AH00094: Command line: 'apache2 -D FOREGROUND'
[Tue Dec 20 07:39:23.651046 2022] [mpm_prefork:notice] [pid 1] AH00170: caught SIGWINCH, shutting down gracefully
AH00558: apache2: Could not reliably determine the server's fully qualified domain name, using 172.23.0.4. Set the 'ServerName' directive globally to suppress this message
[Tue Dec 20 07:42:33.672426 2022] [mpm_prefork:notice] [pid 1] AH00163: Apache/2.4.54 (Debian) PHP/8.1.13 configured -- resuming normal operations
[Tue Dec 20 07:42:33.672622 2022] [core:notice] [pid 1] AH00094: Command line: 'apache2 -D FOREGROUND'
[Tue Dec 20 07:43:07.853577 2022] [mpm_prefork:notice] [pid 1] AH00170: caught SIGWINCH, shutting down gracefully
AH00558: apache2: Could not reliably determine the server's fully qualified domain name, using 172.24.0.4. Set the 'ServerName' directive globally to suppress this message
[Tue Dec 20 07:43:24.881409 2022] [mpm_prefork:notice] [pid 1] AH00163: Apache/2.4.54 (Debian) PHP/8.1.13 configured -- resuming normal operations
[Tue Dec 20 07:43:24.881817 2022] [core:notice] [pid 1] AH00094: Command line: 'apache2 -D FOREGROUND'
[Tue Dec 20 07:44:32.635401 2022] [mpm_prefork:notice] [pid 1] AH00170: caught SIGWINCH, shutting down gracefully
AH00558: apache2: Could not reliably determine the server's fully qualified domain name, using 172.26.0.4. Set the 'ServerName' directive globally to suppress this message
[Tue Dec 20 07:44:58.948999 2022] [mpm_prefork:notice] [pid 1] AH00163: Apache/2.4.54 (Debian) PHP/8.1.13 configured -- resuming normal operations
[Tue Dec 20 07:44:58.950826 2022] [core:notice] [pid 1] AH00094: Command line: 'apache2 -D FOREGROUND'
[Tue Dec 20 11:36:26.580489 2022] [mpm_prefork:notice] [pid 1] AH00170: caught SIGWINCH, shutting down gracefully
AH00558: apache2: Could not reliably determine the server's fully qualified domain name, using 172.26.0.3. Set the 'ServerName' directive globally to suppress this message
[Tue Dec 20 11:36:30.820766 2022] [mpm_prefork:notice] [pid 1] AH00163: Apache/2.4.54 (Debian) PHP/8.1.13 configured -- resuming normal operations
[Tue Dec 20 11:36:30.821413 2022] [core:notice] [pid 1] AH00094: Command line: 'apache2 -D FOREGROUND'
[Tue Dec 20 13:29:03.582288 2022] [mpm_prefork:notice] [pid 1] AH00170: caught SIGWINCH, shutting down gracefully
AH00558: apache2: Could not reliably determine the server's fully qualified domain name, using 172.27.0.4. Set the 'ServerName' directive globally to suppress this message
[Tue Dec 20 13:29:24.740774 2022] [mpm_prefork:notice] [pid 1] AH00163: Apache/2.4.54 (Debian) PHP/8.1.13 configured -- resuming normal operations
[Tue Dec 20 13:29:24.743830 2022] [core:notice] [pid 1] AH00094: Command line: 'apache2 -D FOREGROUND'
AH00558: apache2: Could not reliably determine the server's fully qualified domain name, using 172.27.0.3. Set the 'ServerName' directive globally to suppress this message
[Wed Dec 21 06:03:03.399926 2022] [mpm_prefork:notice] [pid 1] AH00163: Apache/2.4.54 (Debian) PHP/8.1.13 configured -- resuming normal operations
[Wed Dec 21 06:03:03.401926 2022] [core:notice] [pid 1] AH00094: Command line: 'apache2 -D FOREGROUND'
[Wed Dec 21 07:33:43.708417 2022] [core:notice] [pid 1] AH00052: child pid 81 exit signal Interrupt (2)
[Wed Dec 21 10:44:51.079013 2022] [mpm_prefork:notice] [pid 1] AH00170: caught SIGWINCH, shutting down gracefully
AH00558: apache2: Could not reliably determine the server's fully qualified domain name, using 172.27.0.4. Set the 'ServerName' directive globally to suppress this message
[Fri Dec 23 11:27:38.281840 2022] [mpm_prefork:notice] [pid 1] AH00163: Apache/2.4.54 (Debian) PHP/8.1.13 configured -- resuming normal operations
[Fri Dec 23 11:27:38.282003 2022] [core:notice] [pid 1] AH00094: Command line: 'apache2 -D FOREGROUND'
[Fri Dec 23 11:34:33.701838 2022] [core:notice] [pid 1] AH00052: child pid 52 exit signal Interrupt (2)
[Fri Dec 23 11:48:15.644868 2022] [core:notice] [pid 1] AH00052: child pid 138 exit signal Interrupt (2)
[Fri Dec 23 11:53:06.019871 2022] [core:notice] [pid 1] AH00052: child pid 189 exit signal Interrupt (2)
[Fri Dec 23 11:54:47.135510 2022] [core:notice] [pid 1] AH00052: child pid 231 exit signal Interrupt (2)
[Fri Dec 23 11:57:15.840067 2022] [mpm_prefork:notice] [pid 1] AH00170: caught SIGWINCH, shutting down gracefully
AH00558: apache2: Could not reliably determine the server's fully qualified domain name, using 172.27.0.4. Set the 'ServerName' directive globally to suppress this message
[Fri Dec 23 11:57:20.230908 2022] [mpm_prefork:notice] [pid 1] AH00163: Apache/2.4.54 (Debian) PHP/8.1.13 configured -- resuming normal operations
[Fri Dec 23 11:57:20.232721 2022] [core:notice] [pid 1] AH00094: Command line: 'apache2 -D FOREGROUND'
[Fri Dec 23 12:12:39.010678 2022] [mpm_prefork:notice] [pid 1] AH00170: caught SIGWINCH, shutting down gracefully
AH00558: apache2: Could not reliably determine the server's fully qualified domain name, using 172.20.0.4. Set the 'ServerName' directive globally to suppress this message
[Fri Dec 23 12:13:08.452735 2022] [mpm_prefork:notice] [pid 1] AH00163: Apache/2.4.54 (Debian) PHP/8.1.13 configured -- resuming normal operations
[Fri Dec 23 12:13:08.452900 2022] [core:notice] [pid 1] AH00094: Command line: 'apache2 -D FOREGROUND'
AH00558: apache2: Could not reliably determine the server's fully qualified domain name, using 172.20.0.4. Set the 'ServerName' directive globally to suppress this message
[Fri Dec 23 12:48:08.734042 2022] [mpm_prefork:notice] [pid 1] AH00163: Apache/2.4.54 (Debian) PHP/8.1.13 configured -- resuming normal operations
[Fri Dec 23 12:48:08.734201 2022] [core:notice] [pid 1] AH00094: Command line: 'apache2 -D FOREGROUND'
AH00558: apache2: Could not reliably determine the server's fully qualified domain name, using 172.20.0.4. Set the 'ServerName' directive globally to suppress this message
[Sun Dec 25 06:33:08.286152 2022] [mpm_prefork:notice] [pid 1] AH00163: Apache/2.4.54 (Debian) PHP/8.1.13 configured -- resuming normal operations
[Sun Dec 25 06:33:08.288299 2022] [core:notice] [pid 1] AH00094: Command line: 'apache2 -D FOREGROUND'
[Sun Dec 25 06:34:46.685901 2022] [mpm_prefork:notice] [pid 1] AH00170: caught SIGWINCH, shutting down gracefully
AH00558: apache2: Could not reliably determine the server's fully qualified domain name, using 172.20.0.3. Set the 'ServerName' directive globally to suppress this message
[Mon Dec 26 08:01:15.754539 2022] [mpm_prefork:notice] [pid 1] AH00163: Apache/2.4.54 (Debian) PHP/8.1.13 configured -- resuming normal operations
[Mon Dec 26 08:01:15.772936 2022] [core:notice] [pid 1] AH00094: Command line: 'apache2 -D FOREGROUND'
[Mon Dec 26 08:02:35.438970 2022] [mpm_prefork:notice] [pid 1] AH00170: caught SIGWINCH, shutting down gracefully
AH00558: apache2: Could not reliably determine the server's fully qualified domain name, using 172.20.0.3. Set the 'ServerName' directive globally to suppress this message
[Mon Dec 26 10:13:55.904163 2022] [mpm_prefork:notice] [pid 1] AH00163: Apache/2.4.54 (Debian) PHP/8.1.13 configured -- resuming normal operations
[Mon Dec 26 10:13:55.906775 2022] [core:notice] [pid 1] AH00094: Command line: 'apache2 -D FOREGROUND'
[Mon Dec 26 11:45:47.806535 2022] [mpm_prefork:notice] [pid 1] AH00170: caught SIGWINCH, shutting down gracefully
AH00558: apache2: Could not reliably determine the server's fully qualified domain name, using 172.20.0.3. Set the 'ServerName' directive globally to suppress this message
[Tue Dec 27 06:54:33.932118 2022] [mpm_prefork:notice] [pid 1] AH00163: Apache/2.4.54 (Debian) PHP/8.1.13 configured -- resuming normal operations
[Tue Dec 27 06:54:33.932867 2022] [core:notice] [pid 1] AH00094: Command line: 'apache2 -D FOREGROUND'
[Tue Dec 27 06:54:47.407999 2022] [mpm_prefork:notice] [pid 1] AH00170: caught SIGWINCH, shutting down gracefully
AH00558: apache2: Could not reliably determine the server's fully qualified domain name, using 172.20.0.3. Set the 'ServerName' directive globally to suppress this message
[Tue Dec 27 10:21:40.446604 2022] [mpm_prefork:notice] [pid 1] AH00163: Apache/2.4.54 (Debian) PHP/8.1.13 configured -- resuming normal operations
[Tue Dec 27 10:21:40.448302 2022] [core:notice] [pid 1] AH00094: Command line: 'apache2 -D FOREGROUND'
[Tue Dec 27 11:01:50.197100 2022] [mpm_prefork:notice] [pid 1] AH00170: caught SIGWINCH, shutting down gracefully
AH00558: apache2: Could not reliably determine the server's fully qualified domain name, using 172.20.0.4. Set the 'ServerName' directive globally to suppress this message
[Mon Jan 02 06:47:55.945303 2023] [mpm_prefork:notice] [pid 1] AH00163: Apache/2.4.54 (Debian) PHP/8.1.13 configured -- resuming normal operations
[Mon Jan 02 06:47:55.948631 2023] [core:notice] [pid 1] AH00094: Command line: 'apache2 -D FOREGROUND'
[Mon Jan 02 06:59:35.953139 2023] [mpm_prefork:notice] [pid 1] AH00170: caught SIGWINCH, shutting down gracefully
AH00112: Warning: DocumentRoot [/var/www/html/public/] does not exist
AH00558: apache2: Could not reliably determine the server's fully qualified domain name, using 172.23.0.4. Set the 'ServerName' directive globally to suppress this message
[Mon Jan 09 15:14:43.240020 2023] [mpm_prefork:notice] [pid 1] AH00163: Apache/2.4.54 (Debian) PHP/8.1.14 configured -- resuming normal operations
[Mon Jan 09 15:14:43.240276 2023] [core:notice] [pid 1] AH00094: Command line: 'apache2 -D FOREGROUND'
AH00112: Warning: DocumentRoot [/var/www/html/public/] does not exist
AH00558: apache2: Could not reliably determine the server's fully qualified domain name, using 172.23.0.4. Set the 'ServerName' directive globally to suppress this message
[Tue Jan 10 07:29:09.193300 2023] [mpm_prefork:notice] [pid 1] AH00163: Apache/2.4.54 (Debian) PHP/8.1.14 configured -- resuming normal operations
[Tue Jan 10 07:29:09.195634 2023] [core:notice] [pid 1] AH00094: Command line: 'apache2 -D FOREGROUND'
[Tue Jan 10 08:01:26.885367 2023] [mpm_prefork:notice] [pid 1] AH00170: caught SIGWINCH, shutting down gracefully
AH00558: apache2: Could not reliably determine the server's fully qualified domain name, using 172.23.0.4. Set the 'ServerName' directive globally to suppress this message
[Tue Jan 10 09:14:23.210730 2023] [mpm_prefork:notice] [pid 1] AH00163: Apache/2.4.54 (Debian) PHP/8.1.14 configured -- resuming normal operations
[Tue Jan 10 09:14:23.213423 2023] [core:notice] [pid 1] AH00094: Command line: 'apache2 -D FOREGROUND'
[Tue Jan 10 10:35:14.821096 2023] [mpm_prefork:notice] [pid 1] AH00170: caught SIGWINCH, shutting down gracefully
AH00558: apache2: Could not reliably determine the server's fully qualified domain name, using 172.25.0.4. Set the 'ServerName' directive globally to suppress this message
[Tue Jan 10 11:24:47.988615 2023] [mpm_prefork:notice] [pid 1] AH00163: Apache/2.4.54 (Debian) PHP/8.1.14 configured -- resuming normal operations
[Tue Jan 10 11:24:47.988783 2023] [core:notice] [pid 1] AH00094: Command line: 'apache2 -D FOREGROUND'
AH00558: apache2: Could not reliably determine the server's fully qualified domain name, using 172.25.0.4. Set the 'ServerName' directive globally to suppress this message
[Mon Jan 16 09:07:38.994911 2023] [mpm_prefork:notice] [pid 1] AH00163: Apache/2.4.54 (Debian) PHP/8.1.14 configured -- resuming normal operations
[Mon Jan 16 09:07:38.995118 2023] [core:notice] [pid 1] AH00094: Command line: 'apache2 -D FOREGROUND'
AH00558: apache2: Could not reliably determine the server's fully qualified domain name, using 172.25.0.4. Set the 'ServerName' directive globally to suppress this message
[Mon Jan 30 15:21:58.962768 2023] [mpm_prefork:notice] [pid 1] AH00163: Apache/2.4.54 (Debian) PHP/8.1.14 configured -- resuming normal operations
[Mon Jan 30 15:21:58.966259 2023] [core:notice] [pid 1] AH00094: Command line: 'apache2 -D FOREGROUND'
[Mon Jan 30 15:22:29.495617 2023] [mpm_prefork:notice] [pid 1] AH00170: caught SIGWINCH, shutting down gracefully
AH00558: apache2: Could not reliably determine the server's fully qualified domain name, using 172.25.0.4. Set the 'ServerName' directive globally to suppress this message
[Wed Feb 01 11:57:13.722149 2023] [mpm_prefork:notice] [pid 1] AH00163: Apache/2.4.54 (Debian) PHP/8.1.14 configured -- resuming normal operations
[Wed Feb 01 11:57:13.723373 2023] [core:notice] [pid 1] AH00094: Command line: 'apache2 -D FOREGROUND'
[Wed Feb 01 12:24:22.816755 2023] [mpm_prefork:notice] [pid 1] AH00170: caught SIGWINCH, shutting down gracefully
AH00558: apache2: Could not reliably determine the server's fully qualified domain name, using 172.23.0.4. Set the 'ServerName' directive globally to suppress this message
[Wed Feb 01 12:35:01.936471 2023] [mpm_prefork:notice] [pid 1] AH00163: Apache/2.4.54 (Debian) PHP/8.1.14 configured -- resuming normal operations
[Wed Feb 01 12:35:01.936693 2023] [core:notice] [pid 1] AH00094: Command line: 'apache2 -D FOREGROUND'
[Wed Feb 01 14:13:24.328227 2023] [mpm_prefork:notice] [pid 1] AH00170: caught SIGWINCH, shutting down gracefully
AH00558: apache2: Could not reliably determine the server's fully qualified domain name, using 172.23.0.4. Set the 'ServerName' directive globally to suppress this message
[Wed Feb 01 14:13:41.288382 2023] [mpm_prefork:notice] [pid 1] AH00163: Apache/2.4.54 (Debian) PHP/8.1.14 configured -- resuming normal operations
[Wed Feb 01 14:13:41.288547 2023] [core:notice] [pid 1] AH00094: Command line: 'apache2 -D FOREGROUND'
[Wed Feb 01 14:20:44.390486 2023] [mpm_prefork:notice] [pid 1] AH00170: caught SIGWINCH, shutting down gracefully
AH00558: apache2: Could not reliably determine the server's fully qualified domain name, using 172.25.0.4. Set the 'ServerName' directive globally to suppress this message
[Wed Feb 01 14:21:03.968409 2023] [mpm_prefork:notice] [pid 1] AH00163: Apache/2.4.54 (Debian) PHP/8.1.14 configured -- resuming normal operations
[Wed Feb 01 14:21:03.968603 2023] [core:notice] [pid 1] AH00094: Command line: 'apache2 -D FOREGROUND'
[Thu Feb 02 09:50:21.428109 2023] [mpm_prefork:notice] [pid 1] AH00170: caught SIGWINCH, shutting down gracefully
AH00558: apache2: Could not reliably determine the server's fully qualified domain name, using 172.25.0.4. Set the 'ServerName' directive globally to suppress this message
[Thu Feb 02 15:48:05.900403 2023] [mpm_prefork:notice] [pid 1] AH00163: Apache/2.4.54 (Debian) PHP/8.1.14 configured -- resuming normal operations
[Thu Feb 02 15:48:05.900565 2023] [core:notice] [pid 1] AH00094: Command line: 'apache2 -D FOREGROUND'
AH00558: apache2: Could not reliably determine the server's fully qualified domain name, using 172.25.0.2. Set the 'ServerName' directive globally to suppress this message
[Fri Feb 03 11:08:45.367657 2023] [mpm_prefork:notice] [pid 1] AH00163: Apache/2.4.54 (Debian) PHP/8.1.14 configured -- resuming normal operations
[Fri Feb 03 11:08:45.399583 2023] [core:notice] [pid 1] AH00094: Command line: 'apache2 -D FOREGROUND'
AH00558: apache2: Could not reliably determine the server's fully qualified domain name, using 172.25.0.4. Set the 'ServerName' directive globally to suppress this message
[Sun Feb 05 06:38:39.532867 2023] [mpm_prefork:notice] [pid 1] AH00163: Apache/2.4.54 (Debian) PHP/8.1.14 configured -- resuming normal operations
[Sun Feb 05 06:38:39.536732 2023] [core:notice] [pid 1] AH00094: Command line: 'apache2 -D FOREGROUND'
AH00558: apache2: Could not reliably determine the server's fully qualified domain name, using 172.25.0.3. Set the 'ServerName' directive globally to suppress this message
[Tue Feb 07 04:42:42.761791 2023] [mpm_prefork:notice] [pid 1] AH00163: Apache/2.4.54 (Debian) PHP/8.1.14 configured -- resuming normal operations
[Tue Feb 07 04:42:42.762605 2023] [core:notice] [pid 1] AH00094: Command line: 'apache2 -D FOREGROUND'
AH00558: apache2: Could not reliably determine the server's fully qualified domain name, using 172.25.0.3. Set the 'ServerName' directive globally to suppress this message
[Wed Feb 08 10:37:13.596549 2023] [mpm_prefork:notice] [pid 1] AH00163: Apache/2.4.54 (Debian) PHP/8.1.14 configured -- resuming normal operations
[Wed Feb 08 10:37:13.601421 2023] [core:notice] [pid 1] AH00094: Command line: 'apache2 -D FOREGROUND'
AH00558: apache2: Could not reliably determine the server's fully qualified domain name, using 172.25.0.4. Set the 'ServerName' directive globally to suppress this message
[Thu Feb 09 13:04:37.462747 2023] [mpm_prefork:notice] [pid 1] AH00163: Apache/2.4.54 (Debian) PHP/8.1.14 configured -- resuming normal operations
[Thu Feb 09 13:04:37.463010 2023] [core:notice] [pid 1] AH00094: Command line: 'apache2 -D FOREGROUND'
AH00558: apache2: Could not reliably determine the server's fully qualified domain name, using 172.25.0.4. Set the 'ServerName' directive globally to suppress this message
[Fri Feb 10 10:30:39.312849 2023] [mpm_prefork:notice] [pid 1] AH00163: Apache/2.4.54 (Debian) PHP/8.1.14 configured -- resuming normal operations
[Fri Feb 10 10:30:39.313034 2023] [core:notice] [pid 1] AH00094: Command line: 'apache2 -D FOREGROUND'
[Fri Feb 10 16:43:41.990893 2023] [mpm_prefork:notice] [pid 1] AH00170: caught SIGWINCH, shutting down gracefully
AH00558: apache2: Could not reliably determine the server's fully qualified domain name, using 172.25.0.4. Set the 'ServerName' directive globally to suppress this message
[Sat Feb 11 10:31:02.132668 2023] [mpm_prefork:notice] [pid 1] AH00163: Apache/2.4.54 (Debian) PHP/8.1.14 configured -- resuming normal operations
[Sat Feb 11 10:31:02.133279 2023] [core:notice] [pid 1] AH00094: Command line: 'apache2 -D FOREGROUND'
AH00558: apache2: Could not reliably determine the server's fully qualified domain name, using 172.25.0.4. Set the 'ServerName' directive globally to suppress this message
[Sun Feb 12 07:29:32.393687 2023] [mpm_prefork:notice] [pid 1] AH00163: Apache/2.4.54 (Debian) PHP/8.1.14 configured -- resuming normal operations
[Sun Feb 12 07:29:32.396218 2023] [core:notice] [pid 1] AH00094: Command line: 'apache2 -D FOREGROUND'
[Sun Feb 12 07:30:07.671661 2023] [mpm_prefork:notice] [pid 1] AH00169: caught SIGTERM, shutting down
AH00558: apache2: Could not reliably determine the server's fully qualified domain name, using 172.25.0.2. Set the 'ServerName' directive globally to suppress this message
[Sun Feb 12 07:30:30.506492 2023] [mpm_prefork:notice] [pid 1] AH00163: Apache/2.4.54 (Debian) PHP/8.1.14 configured -- resuming normal operations
[Sun Feb 12 07:30:30.534957 2023] [core:notice] [pid 1] AH00094: Command line: 'apache2 -D FOREGROUND'
[Sun Feb 12 07:30:58.292145 2023] [mpm_prefork:notice] [pid 1] AH00170: caught SIGWINCH, shutting down gracefully
AH00558: apache2: Could not reliably determine the server's fully qualified domain name, using 172.25.0.4. Set the 'ServerName' directive globally to suppress this message
[Sun Feb 12 07:31:22.077862 2023] [mpm_prefork:notice] [pid 1] AH00163: Apache/2.4.54 (Debian) PHP/8.1.14 configured -- resuming normal operations
[Sun Feb 12 07:31:22.078584 2023] [core:notice] [pid 1] AH00094: Command line: 'apache2 -D FOREGROUND'
AH00558: apache2: Could not reliably determine the server's fully qualified domain name, using 172.25.0.3. Set the 'ServerName' directive globally to suppress this message
[Tue Feb 14 12:33:42.659467 2023] [mpm_prefork:notice] [pid 1] AH00163: Apache/2.4.54 (Debian) PHP/8.1.14 configured -- resuming normal operations
[Tue Feb 14 12:33:42.667856 2023] [core:notice] [pid 1] AH00094: Command line: 'apache2 -D FOREGROUND'
AH00558: apache2: Could not reliably determine the server's fully qualified domain name, using 172.25.0.4. Set the 'ServerName' directive globally to suppress this message
[Wed Feb 15 07:25:00.821498 2023] [mpm_prefork:notice] [pid 1] AH00163: Apache/2.4.54 (Debian) PHP/8.1.14 configured -- resuming normal operations
[Wed Feb 15 07:25:00.840176 2023] [core:notice] [pid 1] AH00094: Command line: 'apache2 -D FOREGROUND'
AH00558: apache2: Could not reliably determine the server's fully qualified domain name, using 172.25.0.3. Set the 'ServerName' directive globally to suppress this message
[Thu Feb 16 06:25:18.145813 2023] [mpm_prefork:notice] [pid 1] AH00163: Apache/2.4.54 (Debian) PHP/8.1.14 configured -- resuming normal operations
[Thu Feb 16 06:25:18.150981 2023] [core:notice] [pid 1] AH00094: Command line: 'apache2 -D FOREGROUND'
[Thu Feb 16 06:26:20.161043 2023] [mpm_prefork:notice] [pid 1] AH00170: caught SIGWINCH, shutting down gracefully
AH00558: apache2: Could not reliably determine the server's fully qualified domain name, using 172.25.0.2. Set the 'ServerName' directive globally to suppress this message
[Thu Feb 16 06:26:24.642785 2023] [mpm_prefork:notice] [pid 1] AH00163: Apache/2.4.54 (Debian) PHP/8.1.14 configured -- resuming normal operations
[Thu Feb 16 06:26:24.643600 2023] [core:notice] [pid 1] AH00094: Command line: 'apache2 -D FOREGROUND'
AH00558: apache2: Could not reliably determine the server's fully qualified domain name, using 172.25.0.2. Set the 'ServerName' directive globally to suppress this message
[Fri Feb 17 10:30:07.217373 2023] [mpm_prefork:notice] [pid 1] AH00163: Apache/2.4.54 (Debian) PHP/8.1.14 configured -- resuming normal operations
[Fri Feb 17 10:30:07.235787 2023] [core:notice] [pid 1] AH00094: Command line: 'apache2 -D FOREGROUND'
AH00558: apache2: Could not reliably determine the server's fully qualified domain name, using 172.25.0.4. Set the 'ServerName' directive globally to suppress this message
[Sat Feb 18 12:36:11.624319 2023] [mpm_prefork:notice] [pid 1] AH00163: Apache/2.4.54 (Debian) PHP/8.1.14 configured -- resuming normal operations
[Sat Feb 18 12:36:11.624529 2023] [core:notice] [pid 1] AH00094: Command line: 'apache2 -D FOREGROUND'
[Sat Feb 18 14:38:44.735654 2023] [mpm_prefork:notice] [pid 1] AH00170: caught SIGWINCH, shutting down gracefully
AH00558: apache2: Could not reliably determine the server's fully qualified domain name, using 172.25.0.4. Set the 'ServerName' directive globally to suppress this message
[Thu Feb 23 12:25:19.366891 2023] [mpm_prefork:notice] [pid 1] AH00163: Apache/2.4.54 (Debian) PHP/8.1.14 configured -- resuming normal operations
[Thu Feb 23 12:25:19.371878 2023] [core:notice] [pid 1] AH00094: Command line: 'apache2 -D FOREGROUND'
AH00558: apache2: Could not reliably determine the server's fully qualified domain name, using 172.25.0.3. Set the 'ServerName' directive globally to suppress this message
[Fri Feb 24 06:02:39.425439 2023] [mpm_prefork:notice] [pid 1] AH00163: Apache/2.4.54 (Debian) PHP/8.1.14 configured -- resuming normal operations
[Fri Feb 24 06:02:39.427165 2023] [core:notice] [pid 1] AH00094: Command line: 'apache2 -D FOREGROUND'
[Fri Feb 24 06:02:53.192879 2023] [mpm_prefork:notice] [pid 1] AH00170: caught SIGWINCH, shutting down gracefully
AH00558: apache2: Could not reliably determine the server's fully qualified domain name, using 172.25.0.4. Set the 'ServerName' directive globally to suppress this message
[Fri Feb 24 06:07:08.220268 2023] [mpm_prefork:notice] [pid 1] AH00163: Apache/2.4.54 (Debian) PHP/8.1.14 configured -- resuming normal operations
[Fri Feb 24 06:07:08.220444 2023] [core:notice] [pid 1] AH00094: Command line: 'apache2 -D FOREGROUND'
[Fri Feb 24 14:30:12.234096 2023] [mpm_prefork:notice] [pid 1] AH00169: caught SIGTERM, shutting down
AH00558: apache2: Could not reliably determine the server's fully qualified domain name, using 172.25.0.2. Set the 'ServerName' directive globally to suppress this message
[Sat Feb 25 06:42:34.308927 2023] [mpm_prefork:notice] [pid 1] AH00163: Apache/2.4.54 (Debian) PHP/8.1.14 configured -- resuming normal operations
[Sat Feb 25 06:42:34.310624 2023] [core:notice] [pid 1] AH00094: Command line: 'apache2 -D FOREGROUND'
[Sat Feb 25 14:28:34.529625 2023] [mpm_prefork:notice] [pid 1] AH00170: caught SIGWINCH, shutting down gracefully
AH00558: apache2: Could not reliably determine the server's fully qualified domain name, using 172.25.0.4. Set the 'ServerName' directive globally to suppress this message
[Sun Feb 26 05:42:50.979585 2023] [mpm_prefork:notice] [pid 1] AH00163: Apache/2.4.54 (Debian) PHP/8.1.14 configured -- resuming normal operations
[Sun Feb 26 05:42:50.979752 2023] [core:notice] [pid 1] AH00094: Command line: 'apache2 -D FOREGROUND'
AH00558: apache2: Could not reliably determine the server's fully qualified domain name, using 172.25.0.3. Set the 'ServerName' directive globally to suppress this message
[Tue Feb 28 06:48:34.585662 2023] [mpm_prefork:notice] [pid 1] AH00163: Apache/2.4.54 (Debian) PHP/8.1.14 configured -- resuming normal operations
[Tue Feb 28 06:48:34.586126 2023] [core:notice] [pid 1] AH00094: Command line: 'apache2 -D FOREGROUND'
AH00558: apache2: Could not reliably determine the server's fully qualified domain name, using 172.25.0.4. Set the 'ServerName' directive globally to suppress this message
[Tue Mar 21 06:49:18.962532 2023] [mpm_prefork:notice] [pid 1] AH00163: Apache/2.4.54 (Debian) PHP/8.1.14 configured -- resuming normal operations
[Tue Mar 21 06:49:18.969191 2023] [core:notice] [pid 1] AH00094: Command line: 'apache2 -D FOREGROUND'
AH00558: apache2: Could not reliably determine the server's fully qualified domain name, using 172.25.0.2. Set the 'ServerName' directive globally to suppress this message
[Wed Mar 22 05:51:21.146470 2023] [mpm_prefork:notice] [pid 1] AH00163: Apache/2.4.54 (Debian) PHP/8.1.14 configured -- resuming normal operations
[Wed Mar 22 05:51:21.151909 2023] [core:notice] [pid 1] AH00094: Command line: 'apache2 -D FOREGROUND'
AH00558: apache2: Could not reliably determine the server's fully qualified domain name, using 172.25.0.4. Set the 'ServerName' directive globally to suppress this message
[Thu Mar 23 06:57:43.760619 2023] [mpm_prefork:notice] [pid 1] AH00163: Apache/2.4.54 (Debian) PHP/8.1.14 configured -- resuming normal operations
[Thu Mar 23 06:57:43.770497 2023] [core:notice] [pid 1] AH00094: Command line: 'apache2 -D FOREGROUND'
[Thu Mar 23 06:59:08.861084 2023] [mpm_prefork:notice] [pid 1] AH00170: caught SIGWINCH, shutting down gracefully
AH00558: apache2: Could not reliably determine the server's fully qualified domain name, using 172.25.0.4. Set the 'ServerName' directive globally to suppress this message
[Fri Mar 24 06:20:27.255757 2023] [mpm_prefork:notice] [pid 1] AH00163: Apache/2.4.54 (Debian) PHP/8.1.14 configured -- resuming normal operations
[Fri Mar 24 06:20:27.256486 2023] [core:notice] [pid 1] AH00094: Command line: 'apache2 -D FOREGROUND'
[Fri Mar 24 06:21:01.156509 2023] [mpm_prefork:notice] [pid 1] AH00170: caught SIGWINCH, shutting down gracefully
AH00558: apache2: Could not reliably determine the server's fully qualified domain name, using 172.25.0.4. Set the 'ServerName' directive globally to suppress this message
[Sat Mar 25 06:11:30.572432 2023] [mpm_prefork:notice] [pid 1] AH00163: Apache/2.4.54 (Debian) PHP/8.1.14 configured -- resuming normal operations
[Sat Mar 25 06:11:30.572693 2023] [core:notice] [pid 1] AH00094: Command line: 'apache2 -D FOREGROUND'
[Sat Mar 25 06:12:05.639735 2023] [mpm_prefork:notice] [pid 1] AH00170: caught SIGWINCH, shutting down gracefully
AH00558: apache2: Could not reliably determine the server's fully qualified domain name, using 172.25.0.4. Set the 'ServerName' directive globally to suppress this message
[Mon Mar 27 05:50:47.102781 2023] [mpm_prefork:notice] [pid 1] AH00163: Apache/2.4.54 (Debian) PHP/8.1.14 configured -- resuming normal operations
[Mon Mar 27 05:50:47.103754 2023] [core:notice] [pid 1] AH00094: Command line: 'apache2 -D FOREGROUND'
AH00558: apache2: Could not reliably determine the server's fully qualified domain name, using 172.25.0.4. Set the 'ServerName' directive globally to suppress this message
[Tue Mar 28 06:20:38.411034 2023] [mpm_prefork:notice] [pid 1] AH00163: Apache/2.4.54 (Debian) PHP/8.1.14 configured -- resuming normal operations
[Tue Mar 28 06:20:38.411202 2023] [core:notice] [pid 1] AH00094: Command line: 'apache2 -D FOREGROUND'
[Tue Mar 28 06:20:55.168442 2023] [mpm_prefork:notice] [pid 1] AH00170: caught SIGWINCH, shutting down gracefully
AH00558: apache2: Could not reliably determine the server's fully qualified domain name, using 172.25.0.4. Set the 'ServerName' directive globally to suppress this message
[Thu Mar 30 06:07:48.305951 2023] [mpm_prefork:notice] [pid 1] AH00163: Apache/2.4.54 (Debian) PHP/8.1.14 configured -- resuming normal operations
[Thu Mar 30 06:07:48.306483 2023] [core:notice] [pid 1] AH00094: Command line: 'apache2 -D FOREGROUND'
[Thu Mar 30 06:08:33.045207 2023] [mpm_prefork:notice] [pid 1] AH00170: caught SIGWINCH, shutting down gracefully
AH00558: apache2: Could not reliably determine the server's fully qualified domain name, using 172.25.0.4. Set the 'ServerName' directive globally to suppress this message
[Fri Mar 31 10:18:09.701017 2023] [mpm_prefork:notice] [pid 1] AH00163: Apache/2.4.54 (Debian) PHP/8.1.14 configured -- resuming normal operations
[Fri Mar 31 10:18:09.703508 2023] [core:notice] [pid 1] AH00094: Command line: 'apache2 -D FOREGROUND'
[Fri Mar 31 10:18:42.599605 2023] [mpm_prefork:notice] [pid 1] AH00170: caught SIGWINCH, shutting down gracefully
AH00558: apache2: Could not reliably determine the server's fully qualified domain name, using 172.25.0.4. Set the 'ServerName' directive globally to suppress this message
[Sat Apr 01 12:33:52.336643 2023] [mpm_prefork:notice] [pid 1] AH00163: Apache/2.4.54 (Debian) PHP/8.1.14 configured -- resuming normal operations
[Sat Apr 01 12:33:52.336845 2023] [core:notice] [pid 1] AH00094: Command line: 'apache2 -D FOREGROUND'
[Sat Apr 01 15:39:47.710159 2023] [mpm_prefork:notice] [pid 1] AH00169: caught SIGTERM, shutting down
AH00558: apache2: Could not reliably determine the server's fully qualified domain name, using 172.25.0.4. Set the 'ServerName' directive globally to suppress this message
[Mon Apr 24 10:40:47.204194 2023] [mpm_prefork:notice] [pid 1] AH00163: Apache/2.4.54 (Debian) PHP/8.1.14 configured -- resuming normal operations
[Mon Apr 24 10:40:47.207782 2023] [core:notice] [pid 1] AH00094: Command line: 'apache2 -D FOREGROUND'
[Mon Apr 24 12:21:52.655493 2023] [mpm_prefork:notice] [pid 1] AH00170: caught SIGWINCH, shutting down gracefully
AH00558: apache2: Could not reliably determine the server's fully qualified domain name, using 172.25.0.4. Set the 'ServerName' directive globally to suppress this message
[Mon Apr 24 12:36:24.677757 2023] [mpm_prefork:notice] [pid 1] AH00163: Apache/2.4.54 (Debian) PHP/8.1.14 configured -- resuming normal operations
[Mon Apr 24 12:36:24.678513 2023] [core:notice] [pid 1] AH00094: Command line: 'apache2 -D FOREGROUND'
[Mon Apr 24 12:36:47.311553 2023] [mpm_prefork:notice] [pid 1] AH00170: caught SIGWINCH, shutting down gracefully
AH00558: apache2: Could not reliably determine the server's fully qualified domain name, using 172.25.0.4. Set the 'ServerName' directive globally to suppress this message
[Tue Apr 25 06:58:32.691030 2023] [mpm_prefork:notice] [pid 1] AH00163: Apache/2.4.54 (Debian) PHP/8.1.14 configured -- resuming normal operations
[Tue Apr 25 06:58:32.691361 2023] [core:notice] [pid 1] AH00094: Command line: 'apache2 -D FOREGROUND'
[Tue Apr 25 06:59:08.607093 2023] [mpm_prefork:notice] [pid 1] AH00170: caught SIGWINCH, shutting down gracefully
AH00558: apache2: Could not reliably determine the server's fully qualified domain name, using 172.25.0.4. Set the 'ServerName' directive globally to suppress this message
[Wed Apr 26 06:53:43.112010 2023] [mpm_prefork:notice] [pid 1] AH00163: Apache/2.4.54 (Debian) PHP/8.1.14 configured -- resuming normal operations
[Wed Apr 26 06:53:43.113134 2023] [core:notice] [pid 1] AH00094: Command line: 'apache2 -D FOREGROUND'
[Wed Apr 26 06:54:04.824974 2023] [mpm_prefork:notice] [pid 1] AH00170: caught SIGWINCH, shutting down gracefully
AH00558: apache2: Could not reliably determine the server's fully qualified domain name, using 172.25.0.4. Set the 'ServerName' directive globally to suppress this message
[Fri Apr 28 07:00:04.965822 2023] [mpm_prefork:notice] [pid 1] AH00163: Apache/2.4.54 (Debian) PHP/8.1.14 configured -- resuming normal operations
[Fri Apr 28 07:00:04.965993 2023] [core:notice] [pid 1] AH00094: Command line: 'apache2 -D FOREGROUND'
[Fri Apr 28 07:10:15.888772 2023] [mpm_prefork:notice] [pid 1] AH00170: caught SIGWINCH, shutting down gracefully
AH00558: apache2: Could not reliably determine the server's fully qualified domain name, using 172.25.0.3. Set the 'ServerName' directive globally to suppress this message
[Sat Apr 29 06:14:09.060503 2023] [mpm_prefork:notice] [pid 1] AH00163: Apache/2.4.54 (Debian) PHP/8.1.14 configured -- resuming normal operations
[Sat Apr 29 06:14:09.060778 2023] [core:notice] [pid 1] AH00094: Command line: 'apache2 -D FOREGROUND'
[Sat Apr 29 06:35:09.874034 2023] [mpm_prefork:notice] [pid 1] AH00170: caught SIGWINCH, shutting down gracefully
AH00558: apache2: Could not reliably determine the server's fully qualified domain name, using 172.25.0.4. Set the 'ServerName' directive globally to suppress this message
[Mon May 01 09:38:33.853884 2023] [mpm_prefork:notice] [pid 1] AH00163: Apache/2.4.54 (Debian) PHP/8.1.14 configured -- resuming normal operations
[Mon May 01 09:38:33.854025 2023] [core:notice] [pid 1] AH00094: Command line: 'apache2 -D FOREGROUND'
[Mon May 01 09:39:04.824751 2023] [mpm_prefork:notice] [pid 1] AH00170: caught SIGWINCH, shutting down gracefully
AH00558: apache2: Could not reliably determine the server's fully qualified domain name, using 172.25.0.4. Set the 'ServerName' directive globally to suppress this message
[Tue May 02 06:46:13.510839 2023] [mpm_prefork:notice] [pid 1] AH00163: Apache/2.4.54 (Debian) PHP/8.1.14 configured -- resuming normal operations
[Tue May 02 06:46:13.511407 2023] [core:notice] [pid 1] AH00094: Command line: 'apache2 -D FOREGROUND'
[Tue May 02 06:57:04.197554 2023] [mpm_prefork:notice] [pid 1] AH00170: caught SIGWINCH, shutting down gracefully
AH00558: apache2: Could not reliably determine the server's fully qualified domain name, using 172.25.0.4. Set the 'ServerName' directive globally to suppress this message
[Thu May 04 05:11:51.862122 2023] [mpm_prefork:notice] [pid 1] AH00163: Apache/2.4.54 (Debian) PHP/8.1.14 configured -- resuming normal operations
[Thu May 04 05:11:51.865753 2023] [core:notice] [pid 1] AH00094: Command line: 'apache2 -D FOREGROUND'
[Thu May 04 05:12:39.934364 2023] [mpm_prefork:notice] [pid 1] AH00170: caught SIGWINCH, shutting down gracefully
AH00558: apache2: Could not reliably determine the server's fully qualified domain name, using 172.25.0.4. Set the 'ServerName' directive globally to suppress this message
[Sat May 06 06:55:58.434562 2023] [mpm_prefork:notice] [pid 1] AH00163: Apache/2.4.54 (Debian) PHP/8.1.14 configured -- resuming normal operations
[Sat May 06 06:55:58.435310 2023] [core:notice] [pid 1] AH00094: Command line: 'apache2 -D FOREGROUND'
[Sat May 06 07:00:23.959080 2023] [mpm_prefork:notice] [pid 1] AH00170: caught SIGWINCH, shutting down gracefully
AH00558: apache2: Could not reliably determine the server's fully qualified domain name, using 172.25.0.4. Set the 'ServerName' directive globally to suppress this message
[Sun May 07 08:58:24.471557 2023] [mpm_prefork:notice] [pid 1] AH00163: Apache/2.4.54 (Debian) PHP/8.1.14 configured -- resuming normal operations
[Sun May 07 08:58:24.478006 2023] [core:notice] [pid 1] AH00094: Command line: 'apache2 -D FOREGROUND'
[Sun May 07 08:58:48.420095 2023] [mpm_prefork:notice] [pid 1] AH00170: caught SIGWINCH, shutting down gracefully
AH00558: apache2: Could not reliably determine the server's fully qualified domain name, using 172.25.0.4. Set the 'ServerName' directive globally to suppress this message
[Sun May 07 12:19:53.447255 2023] [mpm_prefork:notice] [pid 1] AH00163: Apache/2.4.54 (Debian) PHP/8.1.14 configured -- resuming normal operations
[Sun May 07 12:19:53.449105 2023] [core:notice] [pid 1] AH00094: Command line: 'apache2 -D FOREGROUND'
[Sun May 07 12:20:35.098461 2023] [mpm_prefork:notice] [pid 1] AH00170: caught SIGWINCH, shutting down gracefully
AH00558: apache2: Could not reliably determine the server's fully qualified domain name, using 172.25.0.3. Set the 'ServerName' directive globally to suppress this message
[Mon May 08 06:13:09.624631 2023] [mpm_prefork:notice] [pid 1] AH00163: Apache/2.4.54 (Debian) PHP/8.1.14 configured -- resuming normal operations
[Mon May 08 06:13:09.653443 2023] [core:notice] [pid 1] AH00094: Command line: 'apache2 -D FOREGROUND'
[Mon May 08 06:13:41.694392 2023] [mpm_prefork:notice] [pid 1] AH00170: caught SIGWINCH, shutting down gracefully
AH00558: apache2: Could not reliably determine the server's fully qualified domain name, using 172.25.0.3. Set the 'ServerName' directive globally to suppress this message
[Wed May 10 06:30:58.409688 2023] [mpm_prefork:notice] [pid 1] AH00163: Apache/2.4.54 (Debian) PHP/8.1.14 configured -- resuming normal operations
[Wed May 10 06:30:58.412253 2023] [core:notice] [pid 1] AH00094: Command line: 'apache2 -D FOREGROUND'
[Wed May 10 06:31:19.209973 2023] [mpm_prefork:notice] [pid 1] AH00170: caught SIGWINCH, shutting down gracefully
AH00558: apache2: Could not reliably determine the server's fully qualified domain name, using 172.25.0.3. Set the 'ServerName' directive globally to suppress this message
[Fri May 12 06:16:38.338014 2023] [mpm_prefork:notice] [pid 1] AH00163: Apache/2.4.54 (Debian) PHP/8.1.14 configured -- resuming normal operations
[Fri May 12 06:16:38.346322 2023] [core:notice] [pid 1] AH00094: Command line: 'apache2 -D FOREGROUND'
[Fri May 12 06:17:40.891568 2023] [mpm_prefork:notice] [pid 1] AH00170: caught SIGWINCH, shutting down gracefully
AH00558: apache2: Could not reliably determine the server's fully qualified domain name, using 172.25.0.3. Set the 'ServerName' directive globally to suppress this message
[Mon May 15 08:38:58.184867 2023] [mpm_prefork:notice] [pid 1] AH00163: Apache/2.4.54 (Debian) PHP/8.1.14 configured -- resuming normal operations
[Mon May 15 08:38:58.185292 2023] [core:notice] [pid 1] AH00094: Command line: 'apache2 -D FOREGROUND'
[Mon May 15 08:39:50.133016 2023] [mpm_prefork:notice] [pid 1] AH00170: caught SIGWINCH, shutting down gracefully
AH00558: apache2: Could not reliably determine the server's fully qualified domain name, using 172.25.0.3. Set the 'ServerName' directive globally to suppress this message
[Tue May 16 07:53:26.448741 2023] [mpm_prefork:notice] [pid 1] AH00163: Apache/2.4.54 (Debian) PHP/8.1.14 configured -- resuming normal operations
[Tue May 16 07:53:26.453553 2023] [core:notice] [pid 1] AH00094: Command line: 'apache2 -D FOREGROUND'
[Tue May 16 07:58:24.472531 2023] [mpm_prefork:notice] [pid 1] AH00170: caught SIGWINCH, shutting down gracefully
AH00558: apache2: Could not reliably determine the server's fully qualified domain name, using 172.25.0.3. Set the 'ServerName' directive globally to suppress this message
[Tue May 16 14:44:09.723362 2023] [mpm_prefork:notice] [pid 1] AH00163: Apache/2.4.54 (Debian) PHP/8.1.14 configured -- resuming normal operations
[Tue May 16 14:44:09.723814 2023] [core:notice] [pid 1] AH00094: Command line: 'apache2 -D FOREGROUND'
[Tue May 16 14:57:05.809459 2023] [mpm_prefork:notice] [pid 1] AH00170: caught SIGWINCH, shutting down gracefully
AH00558: apache2: Could not reliably determine the server's fully qualified domain name, using 172.25.0.3. Set the 'ServerName' directive globally to suppress this message
[Fri May 19 08:59:05.603744 2023] [mpm_prefork:notice] [pid 1] AH00163: Apache/2.4.54 (Debian) PHP/8.1.14 configured -- resuming normal operations
[Fri May 19 08:59:05.604100 2023] [core:notice] [pid 1] AH00094: Command line: 'apache2 -D FOREGROUND'
[Fri May 19 08:59:33.474182 2023] [mpm_prefork:notice] [pid 1] AH00170: caught SIGWINCH, shutting down gracefully
AH00558: apache2: Could not reliably determine the server's fully qualified domain name, using 172.25.0.3. Set the 'ServerName' directive globally to suppress this message
[Tue May 23 07:20:09.821498 2023] [mpm_prefork:notice] [pid 1] AH00163: Apache/2.4.54 (Debian) PHP/8.1.14 configured -- resuming normal operations
[Tue May 23 07:20:09.821758 2023] [core:notice] [pid 1] AH00094: Command line: 'apache2 -D FOREGROUND'
[Tue May 23 07:26:10.142680 2023] [mpm_prefork:notice] [pid 1] AH00170: caught SIGWINCH, shutting down gracefully
AH00558: apache2: Could not reliably determine the server's fully qualified domain name, using 172.25.0.3. Set the 'ServerName' directive globally to suppress this message
[Tue May 23 14:51:06.254446 2023] [mpm_prefork:notice] [pid 1] AH00163: Apache/2.4.54 (Debian) PHP/8.1.14 configured -- resuming normal operations
[Tue May 23 14:51:06.258288 2023] [core:notice] [pid 1] AH00094: Command line: 'apache2 -D FOREGROUND'
[Tue May 23 14:51:35.727943 2023] [mpm_prefork:notice] [pid 1] AH00170: caught SIGWINCH, shutting down gracefully
AH00558: apache2: Could not reliably determine the server's fully qualified domain name, using 172.25.0.3. Set the 'ServerName' directive globally to suppress this message
[Thu May 25 08:28:51.098142 2023] [mpm_prefork:notice] [pid 1] AH00163: Apache/2.4.54 (Debian) PHP/8.1.14 configured -- resuming normal operations
[Thu May 25 08:28:51.115123 2023] [core:notice] [pid 1] AH00094: Command line: 'apache2 -D FOREGROUND'
[Thu May 25 08:30:56.304616 2023] [mpm_prefork:notice] [pid 1] AH00170: caught SIGWINCH, shutting down gracefully
AH00558: apache2: Could not reliably determine the server's fully qualified domain name, using 172.25.0.3. Set the 'ServerName' directive globally to suppress this message
[Fri May 26 10:41:45.890943 2023] [mpm_prefork:notice] [pid 1] AH00163: Apache/2.4.54 (Debian) PHP/8.1.14 configured -- resuming normal operations
[Fri May 26 10:41:45.894017 2023] [core:notice] [pid 1] AH00094: Command line: 'apache2 -D FOREGROUND'
[Fri May 26 10:44:01.214121 2023] [mpm_prefork:notice] [pid 1] AH00170: caught SIGWINCH, shutting down gracefully
AH00558: apache2: Could not reliably determine the server's fully qualified domain name, using 172.25.0.2. Set the 'ServerName' directive globally to suppress this message
[Fri Jun 16 18:51:47.956380 2023] [mpm_prefork:notice] [pid 1] AH00163: Apache/2.4.54 (Debian) PHP/8.1.14 configured -- resuming normal operations
[Fri Jun 16 18:51:47.965220 2023] [core:notice] [pid 1] AH00094: Command line: 'apache2 -D FOREGROUND'
[Fri Jun 16 18:52:08.956419 2023] [mpm_prefork:notice] [pid 1] AH00170: caught SIGWINCH, shutting down gracefully
AH00558: apache2: Could not reliably determine the server's fully qualified domain name, using 172.18.0.4. Set the 'ServerName' directive globally to suppress this message
[Wed Jun 21 07:37:02.841610 2023] [mpm_prefork:notice] [pid 1] AH00163: Apache/2.4.57 (Debian) PHP/8.1.20 configured -- resuming normal operations
[Wed Jun 21 07:37:02.842224 2023] [core:notice] [pid 1] AH00094: Command line: 'apache2 -D FOREGROUND'
